Added Component: Designator=1(BORNERA2)
Added Component: Designator=AND1(DIP14)
Added Component: Designator=CLK(TPTH)
Added Component: Designator=Contador1(DIP16)
Added Component: Designator=Decoder 1(DIP16)
Added Component: Designator=Decoder1(DIP16)
Added Component: Designator=DS1(DISPLAY_LED_0.3")
Added Component: Designator=DS2(DISPLAY_LED_0.3")
Added Component: Designator=LE_DECODER(TPTH)
Added Component: Designator=NOT(DIP14)
Added Component: Designator=R1(RES400)
Added Component: Designator=R2(RES400)
Added Component: Designator=R3(RES400)
Added Component: Designator=R4(RES400)
Added Component: Designator=R5(RES400)
Added Component: Designator=R6(RES400)
Added Component: Designator=R7(RES400)
Added Component: Designator=R9(RES400)
Added Component: Designator=R10(RES400)
Added Component: Designator=R11(RES400)
Added Component: Designator=R12(RES400)
Added Component: Designator=R13(RES400)
Added Component: Designator=R14(RES400)
Added Component: Designator=R15(RES400)
Added Component: Designator=RESET(TPTH)
Added Pin To Net: NetName=!B1 Pin=AND1-2
Added Pin To Net: NetName=!B1 Pin=NOT-2
Added Net: Name=!B1
Added Pin To Net: NetName=!C1 Pin=AND1-4
Added Pin To Net: NetName=!C1 Pin=NOT-4
Added Net: Name=!C1
Added Pin To Net: NetName=!LE Pin=Decoder 1-5
Added Pin To Net: NetName=!LE Pin=Decoder1-5
Added Pin To Net: NetName=!LE Pin=NOT-6
Added Net: Name=!LE
Added Pin To Net: NetName=A1 Pin=AND1-1
Added Pin To Net: NetName=A1 Pin=Contador1-3
Added Pin To Net: NetName=A1 Pin=Decoder1-7
Added Net: Name=A1
Added Pin To Net: NetName=A2 Pin=Contador1-11
Added Pin To Net: NetName=A2 Pin=Decoder 1-7
Added Net: Name=A2
Added Pin To Net: NetName=B1 Pin=Contador1-4
Added Pin To Net: NetName=B1 Pin=Decoder1-1
Added Pin To Net: NetName=B1 Pin=NOT-1
Added Net: Name=B1
Added Pin To Net: NetName=B2 Pin=Contador1-12
Added Pin To Net: NetName=B2 Pin=Decoder 1-1
Added Net: Name=B2
Added Pin To Net: NetName=C1 Pin=Contador1-5
Added Pin To Net: NetName=C1 Pin=Decoder1-2
Added Pin To Net: NetName=C1 Pin=NOT-3
Added Net: Name=C1
Added Pin To Net: NetName=C2 Pin=Contador1-13
Added Pin To Net: NetName=C2 Pin=Decoder 1-2
Added Net: Name=C2
Added Pin To Net: NetName=CLK Pin=AND1-13
Added Pin To Net: NetName=CLK Pin=CLK-1
Added Net: Name=CLK
Added Pin To Net: NetName=D1 Pin=AND1-5
Added Pin To Net: NetName=D1 Pin=Contador1-6
Added Pin To Net: NetName=D1 Pin=Decoder1-6
Added Net: Name=D1
Added Pin To Net: NetName=D2 Pin=Contador1-14
Added Pin To Net: NetName=D2 Pin=Decoder 1-6
Added Net: Name=D2
Added Pin To Net: NetName=E_2C Pin=AND1-6
Added Pin To Net: NetName=E_2C Pin=Contador1-10
Added Net: Name=E_2C
Added Pin To Net: NetName=E_CLK Pin=AND1-8
Added Pin To Net: NetName=E_CLK Pin=Contador1-1
Added Pin To Net: NetName=E_CLK Pin=Contador1-9
Added Net: Name=E_CLK
Added Pin To Net: NetName=GND Pin=1-1
Added Pin To Net: NetName=GND Pin=AND1-7
Added Pin To Net: NetName=GND Pin=Contador1-8
Added Pin To Net: NetName=GND Pin=Decoder 1-8
Added Pin To Net: NetName=GND Pin=Decoder1-8
Added Pin To Net: NetName=GND Pin=DS1-1
Added Pin To Net: NetName=GND Pin=DS1-6
Added Pin To Net: NetName=GND Pin=DS1-7
Added Pin To Net: NetName=GND Pin=DS2-7
Added Pin To Net: NetName=GND Pin=NOT-7
Added Pin To Net: NetName=GND Pin=NOT-9
Added Pin To Net: NetName=GND Pin=NOT-11
Added Pin To Net: NetName=GND Pin=NOT-13
Added Net: Name=GND
Added Pin To Net: NetName=LE Pin=AND1-12
Added Pin To Net: NetName=LE Pin=LE_DECODER-1
Added Pin To Net: NetName=LE Pin=NOT-5
Added Net: Name=LE
Added Pin To Net: NetName=NetDecoder 1_9 Pin=Decoder 1-9
Added Pin To Net: NetName=NetDecoder 1_9 Pin=R13-1
Added Net: Name=NetDecoder 1_9
Added Pin To Net: NetName=NetDecoder1_9 Pin=Decoder1-9
Added Pin To Net: NetName=NetDecoder1_9 Pin=R5-1
Added Net: Name=NetDecoder1_9
Added Pin To Net: NetName=NetDecoder 1_10 Pin=Decoder 1-10
Added Pin To Net: NetName=NetDecoder 1_10 Pin=R12-1
Added Net: Name=NetDecoder 1_10
Added Pin To Net: NetName=NetDecoder1_10 Pin=Decoder1-10
Added Pin To Net: NetName=NetDecoder1_10 Pin=R4-1
Added Net: Name=NetDecoder1_10
Added Pin To Net: NetName=NetDecoder 1_11 Pin=Decoder 1-11
Added Pin To Net: NetName=NetDecoder 1_11 Pin=R11-1
Added Net: Name=NetDecoder 1_11
Added Pin To Net: NetName=NetDecoder1_11 Pin=Decoder1-11
Added Pin To Net: NetName=NetDecoder1_11 Pin=R3-1
Added Net: Name=NetDecoder1_11
Added Pin To Net: NetName=NetDecoder 1_12 Pin=Decoder 1-12
Added Pin To Net: NetName=NetDecoder 1_12 Pin=R10-1
Added Net: Name=NetDecoder 1_12
Added Pin To Net: NetName=NetDecoder1_12 Pin=Decoder1-12
Added Pin To Net: NetName=NetDecoder1_12 Pin=R2-1
Added Net: Name=NetDecoder1_12
Added Pin To Net: NetName=NetDecoder 1_13 Pin=Decoder 1-13
Added Pin To Net: NetName=NetDecoder 1_13 Pin=R9-1
Added Net: Name=NetDecoder 1_13
Added Pin To Net: NetName=NetDecoder1_13 Pin=Decoder1-13
Added Pin To Net: NetName=NetDecoder1_13 Pin=R1-1
Added Net: Name=NetDecoder1_13
Added Pin To Net: NetName=NetDecoder 1_14 Pin=Decoder 1-14
Added Pin To Net: NetName=NetDecoder 1_14 Pin=R15-1
Added Net: Name=NetDecoder 1_14
Added Pin To Net: NetName=NetDecoder1_14 Pin=Decoder1-14
Added Pin To Net: NetName=NetDecoder1_14 Pin=R7-1
Added Net: Name=NetDecoder1_14
Added Pin To Net: NetName=NetDecoder 1_15 Pin=Decoder 1-15
Added Pin To Net: NetName=NetDecoder 1_15 Pin=R14-1
Added Net: Name=NetDecoder 1_15
Added Pin To Net: NetName=NetDecoder1_15 Pin=Decoder1-15
Added Pin To Net: NetName=NetDecoder1_15 Pin=R6-1
Added Net: Name=NetDecoder1_15
Added Pin To Net: NetName=NetDS1_2 Pin=DS1-2
Added Pin To Net: NetName=NetDS1_2 Pin=R6-2
Added Net: Name=NetDS1_2
Added Pin To Net: NetName=NetDS1_3 Pin=DS1-3
Added Pin To Net: NetName=NetDS1_3 Pin=R7-2
Added Net: Name=NetDS1_3
Added Pin To Net: NetName=NetDS1_4 Pin=DS1-4
Added Pin To Net: NetName=NetDS1_4 Pin=R5-2
Added Net: Name=NetDS1_4
Added Pin To Net: NetName=NetDS1_5 Pin=DS1-5
Added Pin To Net: NetName=NetDS1_5 Pin=R4-2
Added Net: Name=NetDS1_5
Added Pin To Net: NetName=NetDS1_8 Pin=DS1-8
Added Pin To Net: NetName=NetDS1_8 Pin=R3-2
Added Net: Name=NetDS1_8
Added Pin To Net: NetName=NetDS1_9 Pin=DS1-9
Added Pin To Net: NetName=NetDS1_9 Pin=R2-2
Added Net: Name=NetDS1_9
Added Pin To Net: NetName=NetDS1_10 Pin=DS1-10
Added Pin To Net: NetName=NetDS1_10 Pin=R1-2
Added Net: Name=NetDS1_10
Added Pin To Net: NetName=NetDS2_2 Pin=DS2-2
Added Pin To Net: NetName=NetDS2_2 Pin=R14-2
Added Net: Name=NetDS2_2
Added Pin To Net: NetName=NetDS2_3 Pin=DS2-3
Added Pin To Net: NetName=NetDS2_3 Pin=R15-2
Added Net: Name=NetDS2_3
Added Pin To Net: NetName=NetDS2_4 Pin=DS2-4
Added Pin To Net: NetName=NetDS2_4 Pin=R13-2
Added Net: Name=NetDS2_4
Added Pin To Net: NetName=NetDS2_5 Pin=DS2-5
Added Pin To Net: NetName=NetDS2_5 Pin=R12-2
Added Net: Name=NetDS2_5
Added Pin To Net: NetName=NetDS2_8 Pin=DS2-8
Added Pin To Net: NetName=NetDS2_8 Pin=R11-2
Added Net: Name=NetDS2_8
Added Pin To Net: NetName=NetDS2_9 Pin=DS2-9
Added Pin To Net: NetName=NetDS2_9 Pin=R10-2
Added Net: Name=NetDS2_9
Added Pin To Net: NetName=NetDS2_10 Pin=DS2-10
Added Pin To Net: NetName=NetDS2_10 Pin=R9-2
Added Net: Name=NetDS2_10
Added Pin To Net: NetName=RST Pin=Contador1-7
Added Pin To Net: NetName=RST Pin=Contador1-15
Added Pin To Net: NetName=RST Pin=RESET-1
Added Net: Name=RST
Added Pin To Net: NetName=VCC Pin=1-2
Added Pin To Net: NetName=VCC Pin=AND1-9
Added Pin To Net: NetName=VCC Pin=AND1-10
Added Pin To Net: NetName=VCC Pin=AND1-14
Added Pin To Net: NetName=VCC Pin=Contador1-2
Added Pin To Net: NetName=VCC Pin=Contador1-16
Added Pin To Net: NetName=VCC Pin=Decoder 1-3
Added Pin To Net: NetName=VCC Pin=Decoder1-3
Added Pin To Net: NetName=VCC Pin=Decoder 1-4
Added Pin To Net: NetName=VCC Pin=Decoder1-4
Added Pin To Net: NetName=VCC Pin=Decoder 1-16
Added Pin To Net: NetName=VCC Pin=Decoder1-16
Added Pin To Net: NetName=VCC Pin=NOT-14
Added Net: Name=VCC
Added Class: Name=Parte_digital
Added Room: Name=Parte_digital
