Removed Pin From Net: NetName=A1 Pin=U2-1
Removed Pin From Net: NetName=!B1 Pin=U2-2
Removed Pin From Net: NetName=!C1 Pin=U2-4
Removed Pin From Net: NetName=D1 Pin=U2-5
Removed Pin From Net: NetName=E_2C Pin=U2-6
Removed Pin From Net: NetName=E_CLK Pin=U2-8
Removed Pin From Net: NetName=VCC Pin=U2-9
Removed Pin From Net: NetName=VCC Pin=U2-10
Removed Pin From Net: NetName=CLK Pin=U2-12
Removed Pin From Net: NetName=LE Pin=U2-13
Removed Member From Class: ClassName=Parte_digital Member=R1
Removed Member From Class: ClassName=Parte_digital Member=R4
Removed Member From Class: ClassName=Parte_digital Member=R8
Removed Member From Class: ClassName=Esquematico Member=R11
Removed Member From Class: ClassName=Esquematico Member=R17
Removed Member From Class: ClassName=Esquematico Member=R18
Removed Member From Class: ClassName=Esquematico Member=R21
Removed Member From Class: ClassName=Esquematico Member=R22
Removed Member From Class: ClassName=Esquematico Member=R24
Removed Member From Class: ClassName=Parte_digital Member=U2
Change Component Footprint: Designator=U1 Old Footprint=M14A_N New Footprint=M14A_L
Added Component: Designator=Reset9(DIP14)
Added Component: Designator=U?(DIP14)
Added Pin To Net: NetName=E_2C Pin=Decena1-2
Added Pin To Net: NetName=A1 Pin=Reset9-1
Added Pin To Net: NetName=!B1 Pin=Reset9-2
Added Pin To Net: NetName=D1 Pin=Reset9-5
Added Pin To Net: NetName=E_2C Pin=Reset9-6
Added Pin To Net: NetName=GND Pin=Reset9-7
Added Pin To Net: NetName=VCC Pin=Reset9-14
Added Pin To Net: NetName=GND Pin=U?-7
Added Pin To Net: NetName=VCC Pin=U?-9
Added Pin To Net: NetName=VCC Pin=U?-10
Added Pin To Net: NetName=VCC Pin=U?-14
Added Pin To Net: NetName=ENABLE_CONTADOR Pin=U?-8
Added Pin To Net: NetName=ENABLE_CONTADOR Pin=Unidad1-2
Added Net: Name=ENABLE_CONTADOR
Added Member To Class: ClassName=Esquematico Member=Component R2 Res1
Added Member To Class: ClassName=Esquematico Member=Component R3 Res1
Added Member To Class: ClassName=Esquematico Member=Component R5 Res1
Added Member To Class: ClassName=Esquematico Member=Component R7 Res1
Added Member To Class: ClassName=Esquematico Member=Component R9 Res1
Added Member To Class: ClassName=Esquematico Member=Component R10 Res1
Added Member To Class: ClassName=Parte_digital Member=Component R14 RES
Added Member To Class: ClassName=Parte_digital Member=Component R16 RES
Added Member To Class: ClassName=Parte_digital Member=Component R19 RES
Added Member To Class: ClassName=Parte_digital Member=Component Reset9 M74HC21B1R
Added Member To Class: ClassName=Parte_digital Member=Component U? M74HC21B1R
Added Room: Name=Parte_digital
