Removed Pin From Net: NetName=A1 Pin=Reset9-1
Removed Pin From Net: NetName=!B1 Pin=Reset9-2
Removed Pin From Net: NetName=D1 Pin=Reset9-5
Removed Pin From Net: NetName=E_2C Pin=Reset9-6
Removed Pin From Net: NetName=GND Pin=Reset9-7
Removed Pin From Net: NetName=VCC Pin=Reset9-14
Removed Pin From Net: NetName=C1 Pin=U1-1
Removed Pin From Net: NetName=!C1 Pin=U1-2
Removed Pin From Net: NetName=GND Pin=U?-7
Removed Pin From Net: NetName=ENABLE_CONTADOR Pin=U?-8
Removed Pin From Net: NetName=VCC Pin=U?-9
Removed Pin From Net: NetName=VCC Pin=U?-10
Removed Pin From Net: NetName=VCC Pin=U?-14
Removed Member From Class: ClassName=Parte_digital Member=Reset9
Removed Member From Class: ClassName=Parte_digital Member=U?
Change Component Footprint: Designator=U1 Old Footprint=DIP14 New Footprint=M14A_L
Added Component: Designator=AND(DIP14)
Added Component: Designator=NOT(DIP14)
Added Pin To Net: NetName=A1 Pin=AND-1
Added Pin To Net: NetName=!B1 Pin=AND-2
Added Pin To Net: NetName=!C1 Pin=AND-4
Added Pin To Net: NetName=D1 Pin=AND-5
Added Pin To Net: NetName=E_2C Pin=AND-6
Added Pin To Net: NetName=GND Pin=AND-7
Added Pin To Net: NetName=ENABLE_CONTADOR Pin=AND-8
Added Pin To Net: NetName=VCC Pin=AND-9
Added Pin To Net: NetName=VCC Pin=AND-10
Added Pin To Net: NetName=VCC Pin=AND-14
Added Pin To Net: NetName=C1 Pin=NOT-1
Added Pin To Net: NetName=!C1 Pin=NOT-2
Added Pin To Net: NetName=GND Pin=NOT-7
Added Pin To Net: NetName=VDD Pin=NOT-14
Added Member To Class: ClassName=Parte_digital Member=Component AND M74HC21B1R
Added Member To Class: ClassName=Parte_digital Member=Component NOT CD4069UBCM
Added Room: Name=Parte_digital
