Change Component Designator: Old Designator=CLK New Designator=CLK1
Change Component Designator: Old Designator=Decena New Designator=Decena1
Change Component Part ID : Designator=Decena1 Old Part ID =2 New Part ID =1
Change Component Designator: Old Designator=LE_DECODER New Designator=LE_DECODER1
Change Component Designator: Old Designator=R1 New Designator=R11
Change Component Designator: Old Designator=R2 New Designator=R12
Change Component Designator: Old Designator=R3 New Designator=R13
Change Component Designator: Old Designator=R4 New Designator=R14
Change Component Designator: Old Designator=R5 New Designator=R15
Change Component Designator: Old Designator=R6 New Designator=R16
Change Component Designator: Old Designator=R7 New Designator=R17
Change Component Designator: Old Designator=R9 New Designator=R18
Change Component Designator: Old Designator=R10 New Designator=R19
Change Component Designator: Old Designator=R11 New Designator=R20
Change Component Designator: Old Designator=R12 New Designator=R21
Change Component Designator: Old Designator=R13 New Designator=R22
Change Component Designator: Old Designator=R14 New Designator=R23
Change Component Designator: Old Designator=R15 New Designator=R24
Change Component Designator: Old Designator=RESET New Designator=RESET1
Change Component Designator: Old Designator=U? New Designator=U1
Change Component Part ID : Designator=U1 Old Part ID =1 New Part ID =2
Change Component Designator: Old Designator=U? New Designator=U2
Change Component Designator: Old Designator=U? New Designator=U1
Change Component Part ID : Designator=U1 Old Part ID =2 New Part ID =1
Change Component Designator: Old Designator=U? New Designator=U2
Change Component Designator: Old Designator=U? New Designator=U1
Change Component Part ID : Designator=U1 Old Part ID =3 New Part ID =4
Change Component Designator: Old Designator=U? New Designator=U1
Change Component Part ID : Designator=U1 Old Part ID =4 New Part ID =5
Change Component Designator: Old Designator=U? New Designator=U1
Change Component Part ID : Designator=U1 Old Part ID =5 New Part ID =6
Change Component Designator: Old Designator=U? New Designator=U1
Change Component Part ID : Designator=U1 Old Part ID =6 New Part ID =3
Change Component Designator: Old Designator=Unidad New Designator=Unidad1
