Removed Pin From Net: NetName=NetA1_3 Pin=A1-3
Removed Pin From Net: NetName=RAMPA Pin=A1-7
Removed Pin From Net: NetName=A1 Pin=AND1-1
Removed Pin From Net: NetName=!B1 Pin=AND1-2
Removed Pin From Net: NetName=!C1 Pin=AND1-4
Removed Pin From Net: NetName=D1 Pin=AND1-5
Removed Pin From Net: NetName=E_2C Pin=AND1-6
Removed Pin From Net: NetName=GND Pin=AND1-7
Removed Pin From Net: NetName=E_CLK Pin=AND1-8
Removed Pin From Net: NetName=VCC Pin=AND1-9
Removed Pin From Net: NetName=VCC Pin=AND1-10
Removed Pin From Net: NetName=LE Pin=AND1-12
Removed Pin From Net: NetName=CLK Pin=AND1-13
Removed Pin From Net: NetName=VCC Pin=AND1-14
Removed Pin From Net: NetName=B1 Pin=NOT-1
Removed Pin From Net: NetName=!B1 Pin=NOT-2
Removed Pin From Net: NetName=C1 Pin=NOT-3
Removed Pin From Net: NetName=!C1 Pin=NOT-4
Removed Pin From Net: NetName=LE Pin=NOT-5
Removed Pin From Net: NetName=!LE Pin=NOT-6
Removed Pin From Net: NetName=GND Pin=NOT-7
Removed Pin From Net: NetName=GND Pin=NOT-9
Removed Pin From Net: NetName=GND Pin=NOT-11
Removed Pin From Net: NetName=GND Pin=NOT-13
Removed Pin From Net: NetName=VCC Pin=NOT-14
Removed Pin From Net: NetName=NetA1_6 Pin=R5-1
Removed Pin From Net: NetName=NetA1_6 Pin=R7-2
Removed Pin From Net: NetName=E_CLK Pin=U?-9
Removed Pin From Net: NetName=RST Pin=U?-15
Removed Member From Class: ClassName=Parte_digital Member=AND1
Removed Member From Class: ClassName=Parte_digital Member=NOT
Removed Member From Class: ClassName=Esquematico Member=R11
Change Component Designator: OldDesignator=Alimentacion NewDesignator=Alimentacion1
Change Component Designator: OldDesignator=C1 NewDesignator=C3
Change Component Designator: OldDesignator=C2 NewDesignator=C1
Change Component Designator: OldDesignator=C3 NewDesignator=C2
Change Component Designator: OldDesignator=C4 NewDesignator=C6
Change Component Designator: OldDesignator=C6 NewDesignator=C4
Change Component Designator: OldDesignator=CLK NewDesignator=CLK1
Change Component Designator: OldDesignator=Conversor NewDesignator=Conversor1
Change Component Designator: OldDesignator=LE_DECODER NewDesignator=LE_DECODER1
Change Component Designator: OldDesignator=Pines NewDesignator=Pines1
Change Component Designator: OldDesignator=R1 NewDesignator=R11
Change Component Designator: OldDesignator=R2 NewDesignator=R1
Change Component Designator: OldDesignator=R2 NewDesignator=R12
Change Component Designator: OldDesignator=R3 NewDesignator=R13
Change Component Designator: OldDesignator=R4 NewDesignator=R7
Change Component Designator: OldDesignator=R4 NewDesignator=R14
Change Component Designator: OldDesignator=R5 NewDesignator=R4
Change Component Designator: OldDesignator=R5 NewDesignator=R15
Change Component Designator: OldDesignator=R6 NewDesignator=R5
Change Component Designator: OldDesignator=R6 NewDesignator=R16
Change Component Designator: OldDesignator=R7 NewDesignator=R2
Change Component Designator: OldDesignator=R7 NewDesignator=R17
Change Component Designator: OldDesignator=R8 NewDesignator=R6
Change Component Designator: OldDesignator=R9 NewDesignator=R8
Change Component Designator: OldDesignator=R9 NewDesignator=R18
Change Component Designator: OldDesignator=R10 NewDesignator=R9
Change Component Designator: OldDesignator=R10 NewDesignator=R19
Change Component Designator: OldDesignator=R11 NewDesignator=R10
Change Component Designator: OldDesignator=R11 NewDesignator=R20
Change Component Designator: OldDesignator=R12 NewDesignator=R21
Change Component Designator: OldDesignator=R13 NewDesignator=R22
Change Component Designator: OldDesignator=R14 NewDesignator=R23
Change Component Designator: OldDesignator=R15 NewDesignator=R24
Change Component Designator: OldDesignator=RESET NewDesignator=RESET1
Change Component Designator: OldDesignator=Rp NewDesignator=Rp1
Change Component Designator: OldDesignator=T! NewDesignator=T!1
Change Component Designator: OldDesignator=U? NewDesignator=Decena1
Change Component Designator: OldDesignator=U? NewDesignator=Unidad1
Added Component: Designator=U1(M14A_N)
Added Component: Designator=U2(PRSP0014DF-B_N)
Added Pin To Net: NetName=RAMPA Pin=A1-1
Added Pin To Net: NetName=NetA1_3 Pin=A1-5
Added Pin To Net: NetName=NetA1_6 Pin=A1-7
Added Pin To Net: NetName=E_CLK Pin=Decena1-1
Added Pin To Net: NetName=RST Pin=Decena1-7
Added Pin To Net: NetName=NetA1_6 Pin=R5-2
Added Pin To Net: NetName=C1 Pin=U1-1
Added Pin To Net: NetName=!C1 Pin=U1-2
Added Pin To Net: NetName=B1 Pin=U1-3
Added Pin To Net: NetName=!B1 Pin=U1-4
Added Pin To Net: NetName=GND Pin=U1-5
Added Pin To Net: NetName=GND Pin=U1-7
Added Pin To Net: NetName=!LE Pin=U1-8
Added Pin To Net: NetName=LE Pin=U1-9
Added Pin To Net: NetName=GND Pin=U1-11
Added Pin To Net: NetName=GND Pin=U1-13
Added Pin To Net: NetName=VDD Pin=U1-14
Added Pin To Net: NetName=A1 Pin=U2-1
Added Pin To Net: NetName=!B1 Pin=U2-2
Added Pin To Net: NetName=!C1 Pin=U2-4
Added Pin To Net: NetName=D1 Pin=U2-5
Added Pin To Net: NetName=E_2C Pin=U2-6
Added Pin To Net: NetName=E_CLK Pin=U2-8
Added Pin To Net: NetName=VCC Pin=U2-9
Added Pin To Net: NetName=VCC Pin=U2-10
Added Pin To Net: NetName=CLK Pin=U2-12
Added Pin To Net: NetName=LE Pin=U2-13
Change Net Name : Old Net Name=NetA1_3 New Net Name=NetA1_5
Change Net Name : Old Net Name=NetC1_1 New Net Name=NetC3_1
Change Net Name : Old Net Name=NetR2_1 New Net Name=NetR1_1
Change Net Name : Old Net Name=NetR2_2 New Net Name=NetR1_2
Change Net Name : Old Net Name=NetR9_1 New Net Name=NetR8_1
Added Pin To Net: NetName=NetA1_2 Pin=A1-2
Added Pin To Net: NetName=NetA1_2 Pin=R2-2
Added Pin To Net: NetName=NetA1_2 Pin=R4-1
Added Net: Name=NetA1_2
Added Pin To Net: NetName=NetA1_3 Pin=A1-3
Added Pin To Net: NetName=NetA1_3 Pin=R5-1
Added Pin To Net: NetName=NetA1_3 Pin=R6-2
Added Net: Name=NetA1_3
Added Pin To Net: NetName=NetDecena1_3 Pin=Decena1-3
Added Pin To Net: NetName=NetDecena1_3 Pin=Decoder 1-7
Added Net: Name=NetDecena1_3
Added Pin To Net: NetName=NetDecena1_4 Pin=Decena1-4
Added Pin To Net: NetName=NetDecena1_4 Pin=Decoder 1-1
Added Net: Name=NetDecena1_4
Added Pin To Net: NetName=NetDecena1_5 Pin=Decena1-5
Added Pin To Net: NetName=NetDecena1_5 Pin=Decoder 1-2
Added Net: Name=NetDecena1_5
Added Pin To Net: NetName=NetDecena1_6 Pin=Decena1-6
Added Pin To Net: NetName=NetDecena1_6 Pin=Decoder 1-6
Added Net: Name=NetDecena1_6
Added Member To Class: ClassName=Esquematico Member=Component R1 Res1
Added Member To Class: ClassName=Parte_digital Member=Component U1 CD4069UBCM
Added Member To Class: ClassName=Parte_digital Member=Component U2 HD74HC21FP
Added Member To Class: ClassName=Parte_digital Member=Component Unidad1 HCF4518BEY
Added Room: Name=Parte_digital
